[    0.000000] Initializing cgroup subsys cpuset
[    000000] Initializing cgroup subsys cpu
[    0.00000] Initializing cgroup subsys cpuacct
    0.000000] Linux version 4.4.0-131-generic (buildd@lgw01-amd64-015) (gcc version 5.4.0 20160609 (Ubuntu 5.4.0-6ubuntu1~16.04.10) ) #157-Ubuntu SMP Thu Jul 12 15:51:36 UTC 2018 (Ubuntu 4.4.0-131.157-generic 4.4.134)
[    .000000]Command line: BOOT_IMAGE=/boo/vmlinuz-4.4.0-131generic root=LABEL=cloudimg-rootfs ro console=tty1 consol=ttyS0
[    0.000000] KERNEL supported cpus:
[    0.000000]   Intel GnuineIntel
[    0.000000]   AMD AuthenticAMD
[    0.000000]   Centaur CentaurHauls
[    0.000000] x86/fpu: xstate_offset[2]:  576, xstate_sizes[2]:  256
[    0.000000] x86/fpu: Supporting  XSAVE feature 0x01: 'x87 floating point registers'
[    0.00000] x6/fpu: Supporting XSAVE feature 0x02: 'SSE registers'
[    .000000] x86/fpu: Supporting XSAVE feature 0x04: 'AVX registers'
[    0.000000] x86/fpu: Eabled xstate features 0x7, context size is 832 bytes, using 'standard' format.
[    0.00000] x86/fpu: Uing 'eager' FPU context switches.
[    0.00000] e820: BIOSprovded physical RAM map:
[    0.000000] BIO-e820: [mm 0x0000000000000000-0x000000000009fbff] usable
[    0.000000] BIOS-e820: [mem 0x000000000009fc00-0x000000000009ffff] reserved
[    0.000000] IOS-e820: [mem 0x00000000000f0000-0x00000000000fffff] reserved
[    0.000000] BIOS-e820: [mem 0x0000000000100000-0x000000003ffeffff] usable
[    0.000000] BIOS-e820: [mem 0x000000003fff0000-0x000000003fffffff] ACPI data
[    0.000000] BIOS-e820: [mem 0x00000000fec00000-0x00000000fec00fff] reserved
[    0.000000] BIOS-e820: [mem 0x0000000fee00000-0x00000000fee00fff] reserved
[    0.000000] BIOS-e820: [mem 0x00000000fffc0000-0x00000000ffffffff] reserved
[    0.000000] NX (Execute Disable) protecton: acve
[    0.000000] SMBIOS 2.5 present.
[    0.000000] Hypervisor detected: KVM
[    0.000000] e820: last_pfn = 0x3fff0 max_arch_pfn = 0x400000000
[    0.000000] MTRR: Disabled
[    0.000000] x86/PAT: MTRRs disabled, skipping PAT initilization oo.
[    0.00000] CPU MTRRs all blank - viualized system.
[    0.000000] x86PAT:Configuration [0-7]: WB  WT  UC- UC  WB  WT  UC- UC  
[    0.00000] found SMP MP-table at [mm 0x0009fff0-0x0009fff] mapped t [ffff88000009fff0]
[    0.000000] Scannig 1 reas for low meory corruption
[  0.000000] RAMDISK: [mem 0x3630c000-0x3717dfff]
[    0.000000] ACPI: Early table checksum verification disabled[    0.000000] ACPI: RSDP 0x00000000000E0000000024 (v02 VBOX  )
[   0.00000] ACPI: XSDT 0x000000003FFF0030 00003C (v01 VBOX   VBOXXSDT 00000001 ASL  00000061)
[    0.000000] ACPI: FACP 0x000000003FFF00F0 0000F4 (v04 VBOX   VBOXFACP 00000001 ASL  00000061)
[    0.000000] ACP:  DSDT 0x000000003FFF0470 0021FF (v02 VBOX   VBOXBIOS 00000002 INTL 20100528)
[    0.00000] ACPI: FCS 0x000000003FFF0200 000040
[    0.000000] ACPI: FACS 0x000000003FFF0200 000040
[    0.000000] ACPI: APIC 0x000000003FFF0240 00005C (v02 VBOX   VBOXAPIC 00000001 ASL  00000061)
[   0..000000] ACPI: SSDT0x000000003FFF02A0 0001CC (v01 VBOX   VBOXCPUT 00000002 INTL 20100528)
[    0.00000] No UMA configuration foud
[    0.000000] Faking a node at [me 0x000000000000000-0x000000003ffeffff]
[    0.000000] NODE_DATA(0) allocated [mem 0x3ffeb000-0x3ffefff]
[   0.000000] vm-clock: Using msrs 4b564d01 and 4b564d00
[    0.000000] kvm-clock: cpu 0, msr 0:3ffe301, pimary cpu clock
[   0.000000] kvm-clock: using sched offse of 54004442 cycles
[    0.000000] clocksource:kvm-clock: mk: 0xffffffffffffffff max_cycles: 0x1cd42e4dffb, max_idle_ns: 881590591483 ns
[    0.000000] Zone ranges:
[    0.000000   DMA      [mem 0x0000000000001000-0x0000000000ffffff]
[    0.000000]   DMA32    [mem 0x0000000001000000-0x000000003ffefff]
[    0.000000]   Normal   empty
[    0.000000   Device   empty
[    0.000000] Movable zone start for each node
[    0.000000] Erly memory node ranges
[    0.000000]   ode   0: [mem 0x0000000000001000-0x000000000009efff]
[    0.00000]   node   0: [mem 0x0000000000100000-0x000000003ffeffff]
[    0.000000] Initmem setup node 0[mem 0x0000000000001000-0x00000000ffeffff]
[   0.000000] ACPI: PM-Timer IO Port: 0x4008
[    0.000000] IOAPIC[0]: apic_id 2, version 32, address 0xfec00000, GSI 0-23
[    0.000000] ACPI: INT_SRC_OVR (bus 0 bus_irq 0 global_irq 2 dfl dfl)
[    0.000000] ACPI: INT_SRC_OVR (bus 0 bus_irq 9 global_irq 9 low level)
[    0.000000] Using ACPI (MADT) for SMP configuration information
[    0.000000] smpboot: Allowing 2 CPUs, 0 hotplug CPUs
[    0.000000] PM: Registered nosave memory: [mem 0x00000000-0x0000fff]
[    0.000000] PM: Registered nosave memory: [mem 0x0009f000-0x0009ffff]
[    0.000000] PM: Registered nosave memory: [mem 0x000a0000-0x000effff]
[    0.000000] PM: Registered nosave memory: [mem 0x000f0000-0x000fffff]
[    0.000000] e820: [mem 0x40000000-0xfebffff] available for PCI devices
[  0.000000] Bootig paravirtualized kernel on KVM
[    0.000000] clocksource: refined-jiffes: mask: 0xffffffff max_cycles: 0xffffffff, max_idle_ns: 7645519600211568 ns
[    0.000000] setup_percpu: NR_CPUS:512 nr_cpumask_bits:512 nr_cpu_ids:2 nr_node_ids:1
[   0.000000] PERCPU: Embedded 34 ages/cpu @ffff88003fc00000 s99544 r8192 31528 u104857
[    0.000000] PV qspinlock hash table entries: 256 (order: 0, 4096 bytes)
[    0.000000] Built 1 zonelists in Node order, mbility grouping on.  Total pages: 257912
[    0.000000] Policy zone: DMA32
[    0.000000] Krnel command line: BOOT_IMAGE=/ot/vmlinuz-4.4.0-131-generic root=LABEL=cloudimg-rootfs ro console=tty1 console=ttyS0
[    0.000000] PID hash table entries: 4096 (order: 3, 32768 bytes)
[    0.00000] Memory: 997724K/1048120K available (8546K kernel code, 1313K rwdata, 4000K rodta, 1516Kinit, 1316Kbss, 50396K reserved, 0K cma-reserved)
    0.000000 SLUB: HWalign=64, Order=0-3, MinObjects=0, CPU=2, Nodes=1
[    0.00000] Kernel/User page ables isolatio: enabled
[    0.000000] Hierarchical RCU implementation.
[    0.000000] 	Build-time adjustment of leaf fanout to 64.
[   0.000000] 	RCU restricting CPUs from NR_CPUS=512 to nr_cpu_ids=2.
[    0.000000 RCU: Adjusting geometry for rcu_fanout_leaf=64, nr_cpu_ids=2
[    0.000000] NR_IRQS:33024 nr_irqs:440 16
[    .000000] Console: colour VGA+ 80x25
[    0.000000] cnsole [tty1] enabld
[    0.000000] console [ttyS0] enabled
[    0.000000] tsc: Detected 1599.999 MHz processor
[    2.393564] Calibrating delay loop (skipped) preset value.. 3199.99 BogoMIPS (lpj=6399996)
[    2.405953] pid_max: default: 32768 minimum: 301
[    2.407916] ACPI: Core revision 20150930
[    2.415045] ACPI: 2 ACPI AML tables successfully acquired and loaded
[    2.421687] Security Framework initialized
[    2.423343] Yama: becoming mindful.
[    2.426147] AppArmor: AppArmor initialized
[    2.427919] Dentry cache hash table entries: 131072 (order: 8, 1048576 bytes)
[    2.437863] Inode-cache hash table entries: 65536 (order: 7, 524288 bytes)
[    2.447135] Mount-cache hash table entries: 2048 (order: 2, 16384 bytes)
[    2.453396] Mountpoint-cache hash table entries: 2048 (order: 2, 16384 bytes)
[    2.461684] Initializing cgroup subsys io
[    2.463562] Initializing cgroup subsys memory
[    2.473310] Initializing cgroup subsys devices
[    2.477842] Initializing cgroup subsys freezer
[    2.479719] Initializing cgroup subsys net_cls
[    2.482753] Initializing cgroup subsys perf_event
[    2.484836] Initializing cgroup subsys net_prio
[    2.489524] Initializing cgroup subsys hugetlb
[    2.502833] Initializing cgroup subsys pids
[    2.505777] CPU: Physical Processor ID: 0
[    2.509850] CPU: Processor Core ID: 0
[    2.519105] mce: CPU supports 0 MCE banks
[    2.533166] Last level iTLB entries: 4KB 64, 2MB 8, 4MB 8
[    2.542473] Last level dTLB entries: 4KB 64, 2MB 0, 4MB 0, 1GB 4
[    2.546092] Spectre V2 : Mitigation: Full generic retpoline
[    2.555771] Spectre V2 : Speculation control IBPB not-supported IBRS not-supported
[    2.560241] Speculative Store Bypass: Vulnerable
[    2.565454] Freeing SMP alternatives memory: 32K
[    2.596053] ftrace: allocating 32245 entries in 126 pages
[    2.669828] smpboot: APIC(0) Converting physical 0 to logical package 0
[    2.674202] smpboot: Max logical packages: 1
[    2.677732] x2apic enabled
[    2.682495] Switched APIC routing to physical x2apic.
[    2.686016] ..TIMER: vector=0x30 apic1=0 pin1=2 apic2=-1 pin2=-1
[    2.796268] smpboot: CPU0: Intel(R) Core(TM) i5-5250U CPU @ 1.60GHz (family: 0x6, model: 0x3d, stepping: 0x4)
[    2.817452] Performance Events: unsupported p6 CPU model 61 no PMU driver, software events only.
[    2.839451] KVM setup paravirtual spinlock
[    2.845991] x86: Booting SMP configuration:
[    2.853525] .... node  #0, CPUs:      #1
[    2.856894] kvm-clock: cpu 1, msr 0:3ffe3041, secondary cpu clock
[    2.864960] mce: CPU supports 0 MCE banks
[    2.868542] x86: Booted up 1 node, 2 CPUs
[    2.870582] smpboot: Total of 2 processors activated (6399.99 BogoMIPS)
[    2.873925] devtmpfs: initialized
[    2.877161] evm: security.selinux
[    2.878771] evm: security.SMACK64
[    2.886285] evm: security.SMACK64EXEC
[    2.888394] evm: security.SMACK64TRANSMUTE
[    2.893897] evm: security.SMACK64MMAP
[    2.896890] evm: security.ima
[    2.904711] evm: security.capability
[    2.909571] clocksource: jiffies: mask: 0xffffffff max_cycles: 0xffffffff, max_idle_ns: 7645041785100000 ns
[    2.918051] futex hash table entries: 512 (order: 3, 32768 bytes)
[    2.923046] pinctrl core: initialized pinctrl subsystem
[    2.927136] RTC time:  4:08:51, date: 08/04/18
[    2.930799] NET: Registered protocol family 16
[    2.947871] cpuidle: using governor ladder
[    2.959566] cpuidle: using governor menu
[    2.988081] PCCT header not found.
[    2.992656] ACPI: bus type PCI registered
[    3.005522] acpiphp: ACPI Hot Plug PCI Controller Driver version: 0.5
[    3.015502] PCI: Using configuration type 1 for base access
[    3.033754] ACPI: Added _OSI(Module Device)
[    3.041209] ACPI: Added _OSI(Processor Device)
[    3.044324] ACPI: Added _OSI(3.0 _SCP Extensions)
[    3.050443] ACPI: Added _OSI(Processor Aggregator Device)
[    3.053933] ACPI: Executed 1 blocks of module-level executable AML code
[    3.066846] ACPI: Interpreter enabled
[    3.072147] ACPI: (supports S0 S5)
[    3.075815] ACPI: Using IOAPIC for interrupt routing
[    3.083771] PCI: Using host bridge windows from ACPI; if necessary, use "pci=nocrs" and report a bug
[    3.095276] ACPI: PCI Root Bridge [PCI0] (domain 0000 [bus 00-ff])
[    3.101228] acpi PNP0A03:00: _OSC: OS supports [ASPM ClockPM Segments MSI]
[    3.104300] acpi PNP0A03:00: _OSC: not requesting OS control; OS requires [ExtendedConfig ASPM ClockPM MSI]
[    3.108804] acpi PNP0A03:00: fail to add MMCONFIG information, can't access extended PCI configuration space under this bridge.
[    3.122513] PCI host bridge to bus 0000:00
[    3.137262] pci_bus 0000:00: root bus resource [io  0x0000-0x0cf7 window]
[    3.142633] pci_bus 0000:00: root bus resource [io  0x0d00-0xffff window]
[    3.153050] pci_bus 0000:00: root bus resource [mem 0x000a0000-0x000bffff window]
[    3.157456] pci_bus 0000:00: root bus resource [mem 0x40000000-0xfdffffff window]
[    3.164705] pci_bus 0000:00: root bus resource [bus 00-ff]
[    3.171483] pci 0000:00:01.1: legacy IDE quirk: reg 0x10: [io  0x01f0-0x01f7]
[    3.174972] pci 0000:00:01.1: legacy IDE quirk: reg 0x14: [io  0x03f6]
[    3.178671] pci 0000:00:01.1: legacy IDE quirk: reg 0x18: [io  0x0170-0x0177]
[    3.193885] pci 0000:00:01.1: legacy IDE quirk: reg 0x1c: [io  0x0376]
[    3.220899] pci 0000:00:07.0: quirk: [io  0x4000-0x403f] claimed by PIIX4 ACPI
[    3.226589] pci 0000:00:07.0: quirk: [io  0x4100-0x410f] claimed by PIIX4 SMB
[    3.245112] ACPI: PCI Interrupt Link [LNKA] (IRQs 5 9 10 *11)
[    3.253178] ACPI: PCI Interrupt Link [LNKB] (IRQs 5 9 *10 11)
[    3.260623] ACPI: PCI Interrupt Link [LNKC] (IRQs 5 *9 10 11)
[    3.267941] ACPI: PCI Interrupt Link [LNKD] (IRQs 5 9 10 *11)
[    3.272525] ACPI: Enabled 2 GPEs in block 00 to 07
[    3.276374] vgaarb: setting as boot device: PCI:0000:00:02.0
[    3.282485] vgaarb: device added: PCI:0000:00:02.0,decodes=io+mem,owns=io+mem,locks=none
[    3.296076] vgaarb: loaded
[    3.304084] vgaarb: bridge control possible 0000:00:02.0
[    3.306752] SCSI subsystem initialized
[    3.310654] ACPI: bus type USB registered
[    3.314520] usbcore: registered new interface driver usbfs
[    3.330024] usbcore: registered new interface driver hub
[    3.338098] usbcore: registered new device driver usb
[    3.353699] PCI: Using ACPI for IRQ routing
[    3.358381] NetLabel: Initializing
[    3.362910] NetLabel:  domain hash size = 128
[    3.367860] NetLabel:  protocols = UNLABELED CIPSOv4
[    3.371017] NetLabel:  unlabeled traffic allowed by default
[    3.374817] amd_nb: Cannot enumerate AMD northbridges
[    3.376897] clocksource: Switched to clocksource kvm-clock
[    3.407330] AppArmo: AppAmor Filesystem Enabled
[    3.461180] pnp:PnP ACPI init
[    3.514427] pnp: PP ACPI: found 3 devices

[    3.555082] clcksource: acpi_pm: mask: 0xffffff max_cycles: 0xffffff, max_idle_ns: 2085701024 ns
[    3.584549] NET: Registered protocol family 2
[    3.595383] TCP establishedhash table entries: 8192 (order: 4, 6556 bytes)

[    3.667209] TCP bind hash table entries: 8192 (order: 5, 131072 bytes)
[    3.674260] TCP: Hash tables configured (established 8192 bind 8192)
[    3.676855] UDP hash table entries: 512 (order: 2, 16384 bytes)
[   3.679262] UDP-Lite hash table entries: 512 (order: 2, 16384 bytes)
[    3.706873] NET: Registered protocol family 1
[    3.78678] pc 0000:00:00.: Limiing direct PCI/PCI transfers
[    3.811535] pci 0000:00:01.0: Activating ISA DMAhang workarounds
[    3.839484] Unpackinginitramfs...

[    4.202021] Freeing initrd memory: 14792K
[    4.210560] RAPL PMU detected, API unit is 2^-32 Joules, 4 fixed counters 10737418240 ms ovfl timer
[    4.223248] hw unit of domain pp0-core 2^-0 Joules
[    4.235434] hw unit of domain package 2^-0 Joules
[    4.242423] hw unit of domain dram 2^-0 Joules
[    4.244187] hw unit of domain pp1-gpu 2^-0 Joules
[    4.254961] platform rtc_cmos: registered platform RTC device (no PNP device found)
[    4.274298] Scanning for low memory corruption every 60 seconds
[    4.281848] audit: initializing netlink subsys (disabled)
[    4.284205] audit: type=2000 audit(1533355737.158:1): initialized
[    4.286876] Initialise system trusted keyring
[    4.302424] HugeTLB registered 2 MB page size, pre-allocated 0 pages
[    4.322368] zbud: loaded
[    4.330576] VFS: Disk quotas dquot_6.6.0
[    4.335670] VFS: Dquot-cache hash table entries: 512 (order 0, 4096 bytes)
[    4.358302] squashfs: version 4.0 (2009/01/31) Phillip Lougher
[    4.361158] fuse init (API version 7.23)
[    4.369855] Key type big_key registered
[    4.375522] Allocating IMA MOK and blacklist keyrings.
[    4.385265] Key type asymmetric registered
[    4.386948] Asymmetric key parser 'x509' registered
[    4.388583] Block layer SCSI generic (bsg) driver version 0.4 loaded (major 249)
[    4.391901] io scheduler noop registered
[    4.393263] io scheduler deadline registered (default)
[    4.397756] io scheduler cfq registered
[    4.399708] pci_hotplug: PCI Hot Plug PCI Core version: 0.5
[    4.421270] pciehp: PCI Express Hot Plug Controller Driver version: 0.4
[    4.438002] ACPI: AC Adapter [AC] (on-line)
[    4.463966] input: Power Button as /devices/LNXSYSTM:00/LNXPWRBN:00/input/input0
[    4.492704] ACPI: Power Button [PWRF]
[    4.494340] input: Sleep Button as /devices/LNXSYSTM:00/LNXSLPBN:00/input/input1
[    4.510307] ACPI: Sleep Button [SLPF]
[    4.514114] ACPI: Battery Slot [BAT0] (battery present)
[    4.534980] GHES: HEST is not enabled!
[    4.544863] Serial: 8250/16550 driver, 32 ports, IRQ sharing enabled
[    4.595133] 00:02: ttyS0 at I/O 0x3f8 (irq = 4, base_baud = 115200) is a 16550A
[    4.611658] Linux agpgart interface v0.103
[    4.617040] loop: module loaded
[    4.641618] scsi host0: ata_piix
[    4.674592] scsi host1: ata_piix
[    4.683050] ata1: PATA max UDMA/33 cmd 0x1f0 ctl 0x3f6 bmdma 0xd000 irq 14
[    4.686043] ata2: PATA max UDMA/33 cmd 0x170 ctl 0x376 bmdma 0xd008 irq 15
[    4.691283] libphy: Fixed MDIO Bus: probed
[    4.694896] tun: Universal TUN/TAP device driver, 1.6
[    4.708108] tun: (C) 1999-2004 Max Krasnyansky <maxk@qualcomm.com>
[    4.713757] PPP generic driver version 2.4.2
[    4.719240] ehci_hcd: USB 2.0 'Enhanced' Host Controller (EHCI) Driver
[    4.723493] ehci-pci: EHCI PCI platform driver
[    4.738058] ehci-platform: EHCI generic platform driver
[    4.746304] ohci_hcd: USB 1.1 'Open' Host Controller (OHCI) Driver
[    4.753732] ohci-pci: OHCI PCI platform driver
[    4.785184] ohci-platform: OHCI generic platform driver
[    4.805796] uhci_hcd: USB Universal Host Controller Interface driver
[    4.808236] i8042: PNP: PS/2 Controller [PNP0303:PS2K,PNP0f03:PS2M] at 0x60,0x64 irq 1,12
[    4.818313] serio: i8042 KBD port at 0x60,0x64 irq 1
[    4.826187] serio: i8042 AUX port at 0x60,0x64 irq 12
[    4.834958] mousedev: PS/2 mouse device common for all mice
[    4.839353] rtc_cmos rtc_cmos: rtc core: registered rtc_cmos as rtc0
[    4.842097] input: AT Translated Set 2 keyboard as /devices/platform/i8042/serio0/input/input2
[    4.848242] rtc_cmos rtc_cmos: alarms up to one day, 114 bytes nvram
[    4.851410] i2c /dev entries driver
[    4.853067] device-mapper: uevent: version 1.0.3
[    4.855523] device-mapper: ioctl: 4.34.0-ioctl (2015-10-28) initialised: dm-devel@redhat.com
[    4.859212] ledtrig-cpu: registered to indicate activity on CPUs
[    4.876871] NET: Registered protocol family 10
[    4.879504] NET: Registered protocol family 17
[    4.887052] Key type dns_resolver registered
[    4.890441] registered taskstats version 1
[    4.892493] Loading compiled-in X.509 certificates
[    4.895596] Loaded X.509 cert 'Build time autogenerated kernel key: 8f274abdf49cd12572c1533a34d1eafea768213f'
[    4.910355] zswap: loaded using pool lzozbud

[    4.952968] Key type trusted registered
[    4.963164] Key type encrypted registered
[    4.974230] AppArmor: AppArmor sha1 policy hashing enabled
[    4.987876] ima: No TPM chip found, activating TPM-bypass!
[    4.994680] ima: Allocated hash algorithm: sha1
[    5.010120] evm: HMAC attrs: 0x1
[    5.014925]   Magic number: 14:796:109
[    5.018034] rtc_cmos rtc_cmos: setting system clock to 218-08-04 04:08:53 UTC (1533355733)

[    5.053048] BIOS EDD facility v0.16 2004-Jun-25, 0 devices foud
[    5080717] EDD information not available.
 [    5.109385] Freeing unused kernel memory: 1516K
[    5.553538] tsc: Refined TSC clocksource calibration: 1599.947 MHz
[    5.557990] clocksource: tsc: mask: 0xffffffffffffffff max_cycles: 0x170ff2fc09b, max_idle_ns: 440795267654 ns
[    5.592702] Write protecting the kernel read-only data: 14336k
[    6.500359] Freeing unused kernel memory: 1680K
[    6.502930] Freeing unused kernel memory: 96K
Loading, please wait...
starting version 229
[    6.525719] random: systemd-udevd: uninitialized urandom read (16 bytes read, 7 bits of entropy available)
[    6.525874] random: udevadm: uninitialized urandom read (16 bytes read, 7 bits of entropy available)
[    6.525909] random: udevadm: uninitialized urandom read (16 bytes read, 7 bits of entropy available)
[    6.540140] random: udevadm: uninitialized urandom read (16 bytes read, 7 bits of entropy available)
[    6.540189] random: udevadm: uninitialized urandom read (16 bytes read, 7 bits of entropy available)
[    6.540335] random: udevadm: uninitialized urandom read (16 bytes read, 7 bits of entropy available)
[    6.540387] random: udevadm: uninitialized urandom read (16 bytes read, 7 bits of entropy available)
[    6.540439] random: udevadm: uninitialized urandom read (16 bytes read, 7 bits of entropy available)
[    6.540494] random: udevadm: uninitialized urandom read (16 bytes read, 7 bits of entropy available)
[    6.540545] random: udevadm: uninitialized urandom read (16 bytes read, 7 bits of entropy available)
[    6.672727] e1000: Intel(R) PRO/1000 Network Driver - version 7.3.21-k8-NAPI
[    6.676029] e1000: Copyright (c) 1999-2006 Intel Corporation.
[    6.776725] Fusion MPT base driver 3.04.20
[    6.785545] Copyright (c) 1999-2008 LSI Corporation
[    6.807097] Fusion MPT SPI Host driver 3.04.20
[    6.853939] AVX2 version of gcm_enc/dec engaged.
[    6.867968] AES CTR mode by8 optimization enabled
[    7.006308] input: ImExPS/2 Generic Explorer Mouse as /devices/platform/i8042/serio1/input/input4
[    7.248809] e1000 0000:00:03.0 eth0: (PCI:33MHz:32-bit) 02:17:6d:c2:33:c4
[    7.502657] e1000 0000:00:03.0 eth0: Intel(R) PRO/1000 Network Connection
[    7.511767] mptbase: ioc0: Initiating bringup
[    7.582138] ioc0: LSI53C1030 A0: Capabilities={Initiator}
[    7.763459] scsi host2: ioc0: LSI53C1030 A0, FwRev=00000000h, Ports=1, MaxQ=256, IRQ=20
[    7.900417] scsi 2:0:0:0: Direct-Access     VBOX     HARDDISK         1.0  PQ: 0 ANSI: 5
[    7.915308] scsi target2:0:0: Beginning Domain Validation
[    7.922022] scsi target2:0:0: Domain Validation skipping write tests
[    7.926771] scsi target2:0:0: Ending Domain Validation
[    7.943485] scsi target2:0:0: asynchronous
[    7.952268] scsi 2:0:1:0: Direct-Access     VBOX     HARDDISK         1.0  PQ: 0 ANSI: 5
[    7.956056] scsi target2:0:1: Beginning Domain Validation
[    7.960686] scsi target2:0:1: Domain Validation skipping write tests
[    7.969430] scsi target2:0:1: Ending Domain Validation
[    7.983191] scsi target2:0:1: asynchronous
[    8.004730] sd 2:0:0:0: [sda] 20971520 512-byte logical blocks: (10.7 GB/10.0 GiB)
[    8.008306] sd 2:0:0:0: Attached scsi generic sg0 type 0
[    8.011316] sd 2:0:1:0: [sdb] 20480 512-byte logical blocks: (10.5 MB/10.0 MiB)
[    8.015399] sd 2:0:1:0: Attached scsi generic sg1 type 0
[    8.018348] sd 2:0:0:0: [sda] Write Protect is off
[    8.020531] sd 2:0:1:0: [sdb] Write Protect is off
[    8.022892] sd 2:0:0:0: [sda] Incomplete mode parameter data
[    8.035910] sd 2:0:0:0: [sda] Assuming drive cache: write through
[    8.050248] sd 2:0:1:0: [sdb] Incomplete mode parameter data
[    8.052732] sd 2:0:1:0: [sdb] Assuming drive cache: write through
[    8.071411]  sda: sda1
[    8.075275] sd 2:0:0:0: [sda] Attached SCSI disk
[    8.085469] sd 2:0:1:0: [sdb] Attached SCSI disk
[    8.354681] e1000 0000:00:08.0 eth1: (PCI:33MHz:32-bit) 08:00:27:82:b0:61
[    8.359061] e1000 0000:00:08.0 eth1: Intel(R) PRO/1000 Network Connection
[    8.368382] e1000 0000:00:03.0 enp0s3: renamed from eth0
[    8.382063] e1000 0000:00:08.0 enp0s8: renamed from eth1
Begin: Loading essential drivers ... [    9.878488] md: linear personality registered for level -1
[    9.893520] md: multipath personality registered for level -4
[    9.903254] md: raid0 personality registered for level 0
[    9.915666] md: raid1 personality registered for level 1
[    9.992987] raid6: sse2x1   gen()  6188 MB/s
[   10.069364] raid6: sse2x1   xor()  5873 MB/s
[   10.148969] raid6: sse2x2   gen()  9911 MB/s
[   10.237340] raid6: sse2x2   xor()  6602 MB/s
[   10.305285] raid6: sse2x4   gen() 11199 MB/s
[   10.381036] raid6: sse2x4   xor()  7462 MB/s
[   10.449186] raid6: avx2x1   gen() 15560 MB/s
[   10.520970] raid6: avx2x2   gen() 13672 MB/s
[   10.589038] raid6: avx2x4   gen()  7750 MB/s
[   10.591889] raid6: using algorithm avx2x1 gen() 15560 MB/s
[   10.600786] raid6: using avx2x2 recovery algorithm
[   10.627679] xor: automatically using best checksumming function:
[   10.668976]    avx       : 16350.000 MB/sec
[   10.676236] async_tx: api initialized (async)
[   10.697685] md: raid6 personality registered for level 6
[   10.702551] md: raid5 personality registered for level 5
[   10.709371] md: raid4 personality registered for level 4
[   10.734464] md: raid10 personality registered for level 10
done.
Begin: Running /scripts/init-premount ... done.
Begin: Mounting root file system ... Begin: Running /scr[   10.778500] Btrfs loaded
ipts/local-top ... done.
Begin: Running /scripts/local-premount ... Scanning for Btrfs filesystems
done.
Warning: fsck not present, so skipping root file system
[   10.866757] EXT4-fs (sda1): INFO: recovery required on readonly filesystem
[   10.872243] EXT4-fs (sda1): write access will be enabled during recovery
[   11.114293] EXT4-fs (sda1): recovery complete
[   11.116180] EXT4-fs (sda1): mounted filesystem with ordered data mode. Opts: (null)
done.
Begin: Running /scripts/local-bottom ... done.
Begin: Running /scripts/init-bottom ... done.
[   11.373963] systemd[1]: systemd 229 running in system mode. (+PAM +AUDIT +SELINUX +IMA +APPARMOR +SMACK +SYSVINIT +UTMP +LIBCRYPTSETUP +GCRYPT +GNUTLS +ACL +XZ -LZ4 +SECCOMP +BLKID +ELFUTILS +KMOD -IDN)
[   11.412753] systemd[1]: Detected virtualization oracle.
[   11.415379] systemd[1]: Detected architecture x86-64.

Welcome to [1mUbuntu 16.04.5 LTS[0m!

[   11.443319] systemd[1]: Set hostname to <ubuntu-xenial>.
[   11.892280] systemd[1]: Listening on udev Kernel Socket.
[[0;32m  OK  [0m] Listening on udev Kernel Socket.
[   11.934133] systemd[1]: Listening on Syslog Socket.
[[0;32m  OK  [0m] Listening on Syslog Socket.
[   11.956818] systemd[1]: Started Trigger resolvconf update for networkd DNS.
[[0;32m  OK  [0m] Started Trigger resolvconf update for networkd DNS.
[   11.972697] systemd[1]: Reached target System Time Synchronized.
[[0;32m  OK  [0m] Reached target System Time Synchronized.
[   12.025367] systemd[1]: Reached target Encrypted Volumes.
[[0;32m  OK  [0m] Reached target Encrypted Volumes.
[   12.049939] systemd[1]: Listening on /dev/initctl Compatibility Named Pipe.
[[0;32m  OK  [0m] Listening on /dev/initctl Compatibility Named Pipe.
[   12.069553] systemd[1]: Listening on LVM2 poll daemon socket.
[[0;32m  OK  [0m] Listening on LVM2 poll daemon socket.
[   12.076440] systemd[1]: Listening on udev Control Socket.
[[0;32m  OK  [0m] Listening on udev Control Socket.
[   12.097411] systemd[1]: Listening on Device-mapper event daemon FIFOs.
[[0;32m  OK  [0m] Listening on Device-mapper event daemon FIFOs.
[   12.137514] systemd[1]: Reached target Swap.
[[0;32m  OK  [0m] Reached target Swap.
[   12.176312] systemd[1]: Listening on Journal Socket (/dev/log).
[[0;32m  OK  [0m] Listening on Journal Socket (/dev/log).
[   12.197553] systemd[1]: Reached target User and Group Name Lookups.
[[0;32m  OK  [0m] Reached target User and Group Name Lookups.
[   12.257655] systemd[1]: Set up automount Arbitrary Executable File Formats File System Automount Point.
[[0;32m  OK  [0m] Set up automount Arbitrary Executab...ats File System Automount Point.
[   12.329904] systemd[1]: Listening on LVM2 metadata daemon socket.
[[0;32m  OK  [0m] Listening on LVM2 metadata daemon socket.
[   12.337431] systemd[1]: Created slice User and Session Slice.
[[0;32m  OK  [0m] Created slice User and Session Slice.
[   12.370387] systemd[1]: Listening on Journal Audit Socket.
[[0;32m  OK  [0m] Listening on Journal Audit Socket.
[   12.398922] systemd[1]: Listening on Journal Socket.
[[0;32m  OK  [0m] Listening on Journal Socket.
[   12.415823] systemd[1]: Created slice System Slice.
[[0;32m  OK  [0m] Created slice System Slice.
[   12.429527] random: nonblocking pool is initialized
[   12.465856] systemd[1]: Starting Uncomplicated firewall...
         Starting Uncomplicated firewall...
[   12.491529] systemd[1]: Starting Nameserver information manager...
         Starting Nameserver information manager[   12.557839] ip_tables: (C) 2000-2006 Netfilter Core Team
...
[   12.562284] systemd[1]: Starting Journal Service...
         Startin[   12.606711] nf_conntrack version 0.5.0 (7936 buckets, 31744 max)
g Journal Service...
[   12.645154] systemd[1]: Starting Load Kernel Modules...
         Starting Load Kernel Modules...
[   12.660222] systemd[1]: Mounting Huge Pages File System...
         Mounting Huge Pages File System...
[   12.708947] Loading iSCSI transport class v2.0-870.
[   12.726489] systemd[1]: Starting Create list of required static device nodes for the current kernel...
         Starting Create list of[   12.741847] ip6_tables: (C) 2000-2006 Netfilter Core Team
 required st... nodes for the current kernel...[   12.784302] iscsi: registered transport (tcp)

[   12.825466] systemd[1]: Starting Remount Root and Kernel File Systems...
         Startin[   12.836534] EXT4-fs (sda1): re-mounted. Opts: (null)
g Remount Root and Kernel File S[   12.858872] iscsi: registered transport (iser)
ystems...
[   12.889249] systemd[1]: Starting Set console keymap...
         Starting Set console keymap...
[   12.941169] systemd[1]: Starting Monitoring of LVM2 mirrors, snapshots etc. using dmeventd or progress polling...
         Starting Monitoring of LVM2 mirrors... dmeventd or progress polling...
[   12.990891] systemd[1]: Created slice system-serial\x2dgetty.slice.
[[0;32m  OK  [0m] Created slice system-serial\x2dgetty.slice.
[   13.022131] systemd[1]: Mounting Debug File System...
         Mounting Debug File System...
[   13.034959] systemd[1]: Mounting POSIX Message Queue File System...
         Mounting POSIX Message Queue File System...
[   13.049792] systemd[1]: Reached target Slices.
[[0;32m  OK  [0m] Reached target Slices.
[   13.062730] systemd[1]: Started Forward Password Requests to Wall Directory Watch.
[[0;32m  OK  [0m] Started Forward Password Requests to Wall Directory Watch.
[   13.111736] systemd[1]: Mounted POSIX Message Queue File System.
[[0;32m  OK  [0m] Mounted POSIX Message Queue File System.
[   13.129830] systemd[1]: Mounted Debug File System.
[[0;32m  OK  [0m] Mounted Debug File System.
[   13.154438] systemd[1]: Mounted Huge Pages File System.
[[0;32m  OK  [0m] Mounted Huge Pages File System.
[   13.175460] systemd[1]: Started Journal Service.
[[0;32m  OK  [0m] Started Journal Service.
[[0;32m  OK  [0m] Started Uncomplicated firewall.
[[0;32m  OK  [0m] Started Load Kernel Modules.
[[0;32m  OK  [0m] Started Create list of required sta...ce nodes for the current kernel.
[[0;32m  OK  [0m] Started Remount Root and Kernel File Systems.
[[0;32m  OK  [0m] Started Set console keymap.
[[0;32m  OK  [0m] Started Nameserver information manager.
[[0;32m  OK  [0m] Started LVM2 metadata daemon.
         Starting udev Coldplug all Devices...
         Starting Load/Save Random Seed...
         Starting Create Static Device Nodes in /dev...
         Mounting FUSE Control File System...
         Starting Apply Kernel Variables...
         Starting Flush Journal to Persistent Storage...
[[0;32m  OK  [0m] Mounted FUSE Control File System.
[[0;32m  OK  [0m] Started Load/Save Random Seed.
[[0;32m  OK  [0m] Started Create Static Device Nodes in /dev.
[[0;32m  OK  [0m] Started Apply Kernel Variables.
[[0;32m  OK  [0m] Started udev Coldplug all Devices.
[[0;32m  OK  [0m] Started Flush Journal to Persistent Storage.
         Starting udev Kernel Device Manager...
[[0;32m  OK  [0m] Started udev Kernel Device Manager.
[[0;32m  OK  [0m] Started Dispatch Password Requests to Console Directory Watch.
[[0;32m  OK  [0m] Started Monitoring of LVM2 mirrors,...ng dmeventd or progress polling.
[[0;32m  OK  [0m] Reached target Local File Systems (Pre).
[[0;32m  OK  [0m] Reached target Local File Systems.
         Starting Set console font and keymap...
         Starting Create Volatile Files and Directories...
         Starting Initial cloud-init job (pre-networking)...
         Starting LSB: AppArmor initialization...
         Starting Tell Plymouth To Write Out Runtime Data...
[[0;32m  OK  [0m] Started Create Volatile Files and Directories.
[[0;32m  OK  [0m] Started Tell Plymouth To Write Out Runtime Data.
[[0;32m  OK  [0m] Found device /dev/ttyS0.
[[0;32m  OK  [0m] Listening on Load/Save RF Kill Switch Status /dev/rfkill Watch.
         Starting Update UTMP about System Boot/Shutdown...
[[0;32m  OK  [0m] Started LSB: AppArmor initialization.
[[0;32m  OK  [0m] Started Update UTMP about System Boot/Shutdown.
[[0;32m  OK  [0m] Found device 82540EM Gigabit Ethern...r (PRO/1000 MT Desktop Adapter).
[[0;32m  OK  [0m] Found device 82540EM Gigabit Ethern...r (PRO/1000 MT Desktop Adapter).
[[0;32m  OK  [0m] Started Set console font and keymap.
[[0;32m  OK  [0m] Created slice system-getty.slice.
[   13.287054] cloud-init[572]: Cloud-init v. 18.2 running 'init-local' at Sat, 04 Aug 2018 04:09:04 +0000. Up 12.75 seconds.
[[0;32m  OK  [0m] Started Initial cloud-init job (pre-networking).
[[0;32m  OK  [0m] Reached target Network (Pre).
         Starting Raise network interfaces...
[[0;32m  OK  [0m] Started ifup for enp0s3.
[[0;32m  OK  [0m] Started ifup for enp0s8.
[[0;32m  OK  [0m] Started Raise network interfaces.
[[0;32m  OK  [0m] Reached target Network.
         Starting Initial cloud-init job (metadata service crawler)...
[   14.656463] cloud-init[1126]: Cloud-init v. 18.2 running 'init' at Sat, 04 Aug 2018 04:09:05 +0000. Up 14.00 seconds.
[   14.713070] cloud-init[1126]: ci-info: ++++++++++++++++++++++++++++++++++++++Net device info++++++++++++++++++++++++++++++++++++++
[   14.738462] cloud-init[1126]: ci-info: +--------+------+-----------------------------+---------------+-------+-------------------+
[   14.757781] cloud-init[1126]: ci-info: | Device |  Up  |           Address           |      Mask     | Scope |     Hw-Address    |
[[0;32m  OK  [0m] [   14.758951] Started Initial cloud-init job (metadata service crawler).cloud-init
[1126]: ci-info: +--------+------+-----------------------------+---------------+-------+-------------------+
[   14.785997] cloud-init[1126]: ci-info: | enp0s3 | True |          10.0.2.15          | 255.255.255.0 |   .   | 02:17:6d:c2:33:c4 |
[[   14.786932] [0;32m  OK  [0m] Reached target Cloud-config availability.
cloud-init[1126]: ci-info: | enp0s3 | True |  fe80::17:6dff:fec2:33c4/64 |       .       |  link | 02:17:6d:c2:33:c4 |
[[   14.818687] cloud-init[1126]: ci-info: | enp0s8 | True |        192.168.33.10        | 255.255.255.0 |   .   | 08:00:27:82:b0:61 |
[   14.820016] cloud-init[1126]: ci-info: | enp0s8 | True | fe80::a00:27ff:fe82:b061/64 |       .       |  link | 08:00:27:82:b0:61 |
[   14.823787] cloud-init[1126]: ci-info: |   lo   | True |          127.0.0.1          |   255.0.0.0   |   .   |         .         |
[0;32m  OK  [0m] Reached target System Initialization.
         [   14.825487] cloud-init[1126]: ci-info: |   lo   | True |           ::1/128           |       .       |  host |         .         |
[   14.871952] cloud-init[1126]: ci-info: +--------+------+-----------------------------+---------------+-------+-------------------+
Starting Socket activation for snappy daemon.
[   14.873233] cloud-init[1126]: ci-info: ++++++++++++++++++++++++++++Route IPv4 info++++++++++++++++++++++++++++
[   14.904512] cloud-init[1126]: ci-info: +-------+--------------+----------+---------------+-----------+-------+
[[0;32m  OK  [0m] Listening on ACPID Listen Socket.
[   14.906035] cloud-init[1126]: ci-info: | Route | Destination  | Gateway  |    Genmask    | Interface | Flags |
[[0;32m  OK  [0m] Listening on UUID daemon activation socket.
[   14.930536] cloud-init[1126]: ci-info: +-------+--------------+----------+---------------+-----------+-------+
[   14.945250] cloud-init[1126]: ci-info: |   0   |   0.0.0.0    | 10.0.2.2 |    0.0.0.0    |   enp0s3  |   UG  |
[[0;32m  OK  [0m] Listening on D-Bus System Message Bus Socket.
[   14.947626] cloud-init[1126]: ci-info: |   1   |   10.0.2.0   | 0.0.0.0  | 255.255.255.0 |   enp0s3  |   U   |
[   14.985050] cloud-init[1126]: ci-info: |   2   | 192.168.33.0 | 0.0.0.0  | 255.255.255.0 |   enp0s8  |   U   |
[   14.986742] cloud-init[1126]: ci-info: +-------+--------------+----------+---------------+-----------+-------+
         Starting LXD - unix socket.
[[0;32m  OK  [0m] Started ACPI Events Check.
[[0;32m  OK  [0m] Reached target Paths.
[[0;32m  OK  [0m] Started Daily apt download activities.
[[0;32m  OK  [0m] Started Daily apt upgrade and clean activities.
[[0;32m  OK  [0m] Started Daily Cleanup of Temporary Directories.
[[0;32m  OK  [0m] Reached target Timers.
[[0;32m  OK  [0m] Reached target Network is Online.
         Starting iSCSI initiator daemon (iscsid)...
[[0;32m  OK  [0m] Listening on Socket activation for snappy daemon.
[[0;32m  OK  [0m] Listening on LXD - unix socket.
[[0;32m  OK  [0m] Started iSCSI initiator daemon (iscsid).
         Starting Login to default iSCSI targets...
[[0;32m  OK  [0m] Reached target Sockets.
[[0;32m  OK  [0m] Reached target Basic System.
         Starting /etc/rc.local Compatibility...
[[0;32m  OK  [0m] Started Regular background program processing daemon.
[[0;32m  OK  [0m] Started FUSE filesystem for LXC.
[[0;32m  OK  [0m] Started Unattended Upgrades Shutdown.
         Starting Apply the settings specified in cloud-config...
[[0;32m  OK  [0m] Started ACPI event daemon.
         Starting System Logging Service...
         Starting Snappy daemon...
         Starting Virtualbox guest utils...
         Starting Login Service...
         Starting LSB: Record successful boot for GRUB...
         Starting Accounts Service...
         Starting OpenBSD Secure Shell server...
[[0;32m  OK  [0m] Started Deferred execution scheduler.
         Starting LXD - container startup/shutdown...
[[0;32m  OK  [0m] Started D-Bus System Message Bus.
         Starting LSB: MD monitoring daemon...
[[0;32m  OK  [0m] Started System Logging Service.
[[0;32m  OK  [0m] Started OpenBSD Secure Shell server.
[[0;32m  OK  [0m] Started /etc/rc.local Compatibility.
[[0;32m  OK  [0m] Started Login to default iSCSI targets.
[[0;32m  OK  [0m] Started LXD - container startup/shutdown.
[[0;32m  OK  [0m] Started LSB: Record successful boot for GRUB.
[[0;32m  OK  [0m] Started Snappy daemon.
[[0;32m  OK  [0m] Started Login Service.
         Starting Authenticate and Authorize Users to Run Privileged Tasks...
         Starting Wait until snapd is fully seeded...
[[0;32m  OK  [0m] Reached target Remote File Systems (Pre).
[[0;32m  OK  [0m] Reached target Remote File Systems.
         Starting LSB: Set the CPU Frequency Scaling governor to "ondemand"...
         Starting LSB: automatic crash report generation...
         Starting Permit User Sessions...
         Starting LSB: daemon to balance interrupts for SMP systems...
[[0;32m  OK  [0m] Started Virtualbox guest utils.
[[0;32m  OK  [0m] Started LSB: MD monitoring daemon.
[[0;32m  OK  [0m] Started Wait until snapd is fully seeded.
[[0;32m  OK  [0m] Started Permit User Sessions.
[[0;32m  OK  [0m] Started Authenticate and Authorize Users to Run Privileged Tasks.
[[0;32m  OK  [0m] Started Accounts Service.
[[0;32m  OK  [0m] Started LSB: Set the CPU Frequency Scaling governor to "ondemand".
[[0;32m  OK  [0m] Started LSB: automatic crash report generation.
[[0;32m  OK  [0m] Started LSB: daemon to balance interrupts for SMP systems.
[[0;32m  OK  [0m] Created slice User Slice of vagrant.
[[0;32m  OK  [0m] Started Session 1 of user vagrant.
         Starting User Manager for UID 1000...
         Starting Terminate Plymouth Boot Screen...
         Starting Hold until boot process finishes up...
[[0;32m  OK  [0m] Started Terminate Plymouth Boot Screen.
[[0;32m  OK  [0m] Started Hold until boot process finishes up.
[[0;32m  OK  [0m] Started User Manager for UID 1000.
[   16.909422] cloud-init[1192]: Cloud-init v. 18.2 running 'modules:config' at Sat, 04 Aug 2018 04:09:07 +0000. Up 16.71 seconds.
[[0;32m  OK  [0m] Started Serial Getty on ttyS0.
         Starting Set console scheme...
[[0;32m  OK  [0m] Started Getty on tty1.
[[0;32m  OK  [0m] Reached target Login Prompts.
[[0;32m  OK  [0m] Reached target Multi-User System.
[[0;32m  OK  [0m] Reached target Graphical Interface.
         Starting Update UTMP about System Runlevel Changes...
[[0;32m  OK  [0m] Started Apply the settings specified in cloud-config.
[[0;32m  OK  [0m] Started Set console scheme.
[[0;32m  OK  [0m] Started Update UTMP about System Runlevel Changes.
         Starting Execute cloud user/final scripts...
[   18.300102] cloud-init[1401]: Cloud-init v. 18.2 running 'modules:final' at Sat, 04 Aug 2018 04:09:09 +0000. Up 18.03 seconds.
[   18.312600] cloud-init[1401]: Cloud-init v. 18.2 finished at Sat, 04 Aug 2018 04:09:09 +0000. Datasource DataSourceNoCloud [seed=/dev/sdb][dsmode=net].  Up 18.28 seconds
[[0;32m  OK  [0m] Started Execute cloud user/final scripts.
         Starting Daily apt download activities...
[[0;32m  OK  [0m] Reached target Cloud-init target.
         Stopping User Manager for UID 1000...
[[0;32m  OK  [0m] Stopped User Manager for UID 1000.
[[0;32m  OK  [0m] Removed slice User Slice of vagrant.

Ubuntu 16.04.5 LTS ubuntu-xenial ttyS0

ubuntu-xenial login: 